This file contains any messages produced by compilers while
running configure, to aid debugging if configure makes a mistake.

It was created by rocket-rocc-examples configure 0.1, which was
generated by GNU Autoconf 2.69.  Invocation command line was

  $ ./configure 

## --------- ##
## Platform. ##
## --------- ##

hostname = ip-192-168-3-31.us-west-2.compute.internal
uname -m = x86_64
uname -r = 3.10.0-957.5.1.el7.x86_64
uname -s = Linux
uname -v = #1 SMP Fri Feb 1 14:54:57 UTC 2019

/usr/bin/uname -p = x86_64
/bin/uname -X     = unknown

/bin/arch              = x86_64
/usr/bin/arch -k       = unknown
/usr/convex/getsysinfo = unknown
/usr/bin/hostinfo      = unknown
/bin/machine           = unknown
/usr/bin/oslevel       = unknown
/bin/universe          = unknown

PATH: /home/centos/firesim/utils/fireperf
PATH: /home/centos/firesim/utils/fireperf/FlameGraph
PATH: /home/centos/firesim/target-design/chipyard/riscv-tools-install/bin
PATH: /home/centos/firesim/target-design/chipyard/software/firemarshal
PATH: /home/centos/firesim/target-design/chipyard/bin
PATH: /home/centos/firesim/utils/fireperf
PATH: /home/centos/firesim/utils/fireperf/FlameGraph
PATH: /home/centos/firesim/target-design/chipyard/riscv-tools-install/bin
PATH: /home/centos/firesim/target-design/chipyard/software/firemarshal
PATH: /home/centos/firesim/target-design/chipyard/bin
PATH: /home/centos/firesim/utils/fireperf
PATH: /home/centos/firesim/utils/fireperf/FlameGraph
PATH: /home/centos/firesim/target-design/chipyard/riscv-tools-install/bin
PATH: /home/centos/firesim/target-design/chipyard/software/firemarshal
PATH: /home/centos/firesim/target-design/chipyard/bin
PATH: /opt/Xilinx/SDx/2018.3.op2405991/bin
PATH: /opt/Xilinx/Vivado/2018.3.op2405991/bin
PATH: /usr/local/Modules/bin
PATH: /usr/local/bin
PATH: /usr/bin
PATH: /usr/local/sbin
PATH: /usr/sbin
PATH: /srv/git/centos-git-common
PATH: /home/centos/.local/bin
PATH: /home/centos/bin
PATH: /home/centos/firesim/deploy
PATH: /home/centos/firesim/deploy
PATH: /home/centos/firesim/deploy


## ----------- ##
## Core tests. ##
## ----------- ##

configure:1787: checking for gcc
configure:1803: found /usr/bin/gcc
configure:1814: result: gcc
configure:1826: WARNING: using cross tools not prefixed with host triplet
configure:2043: checking for C compiler version
configure:2052: gcc --version >&5
gcc (GCC) 4.8.5 20150623 (Red Hat 4.8.5-44)
Copyright (C) 2015 Free Software Foundation, Inc.
This is free software; see the source for copying conditions.  There is NO
warranty; not even for MERCHANTABILITY or FITNESS FOR A PARTICULAR PURPOSE.

configure:2063: $? = 0
configure:2052: gcc -v >&5
Using built-in specs.
COLLECT_GCC=gcc
COLLECT_LTO_WRAPPER=/usr/libexec/gcc/x86_64-redhat-linux/4.8.5/lto-wrapper
Target: x86_64-redhat-linux
Configured with: ../configure --prefix=/usr --mandir=/usr/share/man --infodir=/usr/share/info --with-bugurl=http://bugzilla.redhat.com/bugzilla --enable-bootstrap --enable-shared --enable-threads=posix --enable-checking=release --with-system-zlib --enable-__cxa_atexit --disable-libunwind-exceptions --enable-gnu-unique-object --enable-linker-build-id --with-linker-hash-style=gnu --enable-languages=c,c++,objc,obj-c++,java,fortran,ada,go,lto --enable-plugin --enable-initfini-array --disable-libgcj --with-isl=/builddir/build/BUILD/gcc-4.8.5-20150702/obj-x86_64-redhat-linux/isl-install --with-cloog=/builddir/build/BUILD/gcc-4.8.5-20150702/obj-x86_64-redhat-linux/cloog-install --enable-gnu-indirect-function --with-tune=generic --with-arch_32=x86-64 --build=x86_64-redhat-linux
Thread model: posix
gcc version 4.8.5 20150623 (Red Hat 4.8.5-44) (GCC) 
configure:2063: $? = 0
configure:2052: gcc -V >&5
gcc: error: unrecognized command line option '-V'
gcc: fatal error: no input files
compilation terminated.
configure:2063: $? = 4
configure:2052: gcc -qversion >&5
gcc: error: unrecognized command line option '-qversion'
gcc: fatal error: no input files
compilation terminated.
configure:2063: $? = 4
configure:2083: checking whether the C compiler works
configure:2105: gcc    conftest.c  >&5
configure:2109: $? = 0
configure:2157: result: yes
configure:2160: checking for C compiler default output file name
configure:2162: result: a.out
configure:2168: checking for suffix of executables
configure:2175: gcc -o conftest    conftest.c  >&5
configure:2179: $? = 0
configure:2201: result: 
configure:2223: checking whether we are cross compiling
configure:2261: result: yes
configure:2266: checking for suffix of object files
configure:2288: gcc -c   conftest.c >&5
configure:2292: $? = 0
configure:2313: result: o
configure:2317: checking whether we are using the GNU C compiler
configure:2336: gcc -c   conftest.c >&5
configure:2336: $? = 0
configure:2345: result: yes
configure:2354: checking whether gcc accepts -g
configure:2374: gcc -c -g  conftest.c >&5
configure:2374: $? = 0
configure:2415: result: yes
configure:2432: checking for gcc option to accept ISO C89
configure:2495: gcc  -c -g -O2  conftest.c >&5
configure:2495: $? = 0
configure:2508: result: none needed
configure:2693: creating ./config.status

## ---------------------- ##
## Running config.status. ##
## ---------------------- ##

This file was extended by rocket-rocc-examples config.status 0.1, which was
generated by GNU Autoconf 2.69.  Invocation command line was

  CONFIG_FILES    = 
  CONFIG_HEADERS  = 
  CONFIG_LINKS    = 
  CONFIG_COMMANDS = 
  $ ./config.status 

on ip-192-168-3-31.us-west-2.compute.internal

config.status:720: creating Makefile

## ---------------- ##
## Cache variables. ##
## ---------------- ##

ac_cv_c_compiler_gnu=yes
ac_cv_env_CC_set=
ac_cv_env_CC_value=
ac_cv_env_CFLAGS_set=
ac_cv_env_CFLAGS_value=
ac_cv_env_CPPFLAGS_set=
ac_cv_env_CPPFLAGS_value=
ac_cv_env_LDFLAGS_set=
ac_cv_env_LDFLAGS_value=
ac_cv_env_LIBS_set=
ac_cv_env_LIBS_value=
ac_cv_env_build_alias_set=
ac_cv_env_build_alias_value=
ac_cv_env_host_alias_set=
ac_cv_env_host_alias_value=
ac_cv_env_target_alias_set=
ac_cv_env_target_alias_value=
ac_cv_objext=o
ac_cv_prog_ac_ct_CC=gcc
ac_cv_prog_cc_c89=
ac_cv_prog_cc_g=yes

## ----------------- ##
## Output variables. ##
## ----------------- ##

CC='gcc'
CFLAGS='-g -O2'
CPPFLAGS=''
DEFS='-DPACKAGE_NAME=\"rocket-rocc-examples\" -DPACKAGE_TARNAME=\"rocket-rocc-examples\" -DPACKAGE_VERSION=\"0.1\" -DPACKAGE_STRING=\"rocket-rocc-examples\ 0.1\" -DPACKAGE_BUGREPORT=\"schuyler.eldridge@gmail.com\" -DPACKAGE_URL=\"\"'
ECHO_C=''
ECHO_N='-n'
ECHO_T=''
EXEEXT=''
LDFLAGS=''
LIBOBJS=''
LIBS=''
LTLIBOBJS=''
OBJEXT='o'
PACKAGE_BUGREPORT='schuyler.eldridge@gmail.com'
PACKAGE_NAME='rocket-rocc-examples'
PACKAGE_STRING='rocket-rocc-examples 0.1'
PACKAGE_TARNAME='rocket-rocc-examples'
PACKAGE_URL=''
PACKAGE_VERSION='0.1'
PATH_SEPARATOR=':'
SHELL='/bin/sh'
XLEN='64'
ac_ct_CC='gcc'
bindir='${exec_prefix}/bin'
build_alias=''
datadir='${datarootdir}'
datarootdir='${prefix}/share'
docdir='${datarootdir}/doc/${PACKAGE_TARNAME}'
dvidir='${docdir}'
exec_prefix='${prefix}'
host_alias=''
htmldir='${docdir}'
includedir='${prefix}/include'
infodir='${datarootdir}/info'
libdir='${exec_prefix}/lib'
libexecdir='${exec_prefix}/libexec'
localedir='${datarootdir}/locale'
localstatedir='${prefix}/var'
mandir='${datarootdir}/man'
oldincludedir='/usr/include'
pdfdir='${docdir}'
prefix='/usr/local'
program_transform_name='s,x,x,'
psdir='${docdir}'
sbindir='${exec_prefix}/sbin'
sharedstatedir='${prefix}/com'
sysconfdir='${prefix}/etc'
target_alias=''

## ----------- ##
## confdefs.h. ##
## ----------- ##

/* confdefs.h */
#define PACKAGE_NAME "rocket-rocc-examples"
#define PACKAGE_TARNAME "rocket-rocc-examples"
#define PACKAGE_VERSION "0.1"
#define PACKAGE_STRING "rocket-rocc-examples 0.1"
#define PACKAGE_BUGREPORT "schuyler.eldridge@gmail.com"
#define PACKAGE_URL ""

configure: exit 0
